<?xml version="1.0" encoding="UTF-8" ?>
<testsuite errors="0" failures="0" hostname="LAPTOP-QC5E0HGK" name="cucumberdemo.TestRunner" skipped="0" tests="6" time="4.73" timestamp="2018-03-15T22:33:22">
  <properties>
[...]
</properties>
  <testcase classname="Scenario: Open google and search text and verify seconds are displayed on top of the search result" name="Given open the browser" time="0.001" />
  <testcase classname="Scenario: Open google and search text and verify seconds are displayed on top of the search result" name="When searched anything" time="0.0" />
  <testcase classname="Scenario: Open google and search text and verify seconds are displayed on top of the search result" name="Then verify seconds displayed" time="0.0" />
  <testcase classname="junit.framework.TestSuite" name="Scenario: Open google and search text and verify seconds are displayed on top of the search result" time="4.459" />
  <system-out><![CDATA[Setting environment properties
Search anything performing
Loop counters value i=0 and j=0 and k=0
text Type identified. SendKeys command will be performed with 'this is automation test engineering demo
Loop counters value i=1 and j=1 and k=1
submit Type identified. Click command will be performed.
Performing verification
Loop counters value i=0 and j=0 and k=0
div control identified. Verification will be performed with 'seconds' test data.
About 1,390,000 results does not contain the test data seconds

1 Scenarios ([32m1 passed[0m)
3 Steps ([32m3 passed[0m)
0m4.443s

]]></system-out>
  <system-err><![CDATA[]]></system-err>
</testsuite>
